<?xml version="1.0" encoding="UTF-8"?>
<!-- Generated by org.testng.reporters.JUnitReportReporter -->
<testsuite hostname="LAPTOP-V2I27ONS" failures="0" tests="1" name="com.epam.scenarios.Craftsvilla" time="35.491" errors="0" timestamp="23 Aug 2022 15:52:28 GMT">
  <testcase classname="com.epam.scenarios.Craftsvilla" name="LoginAndCheckWatchlist" time="35.491"/>
</testsuite> <!-- com.epam.scenarios.Craftsvilla -->
